[INFO] [2017-02-27 12:29:24][org.springframework.web.context.ContextLoader]Root WebApplicationContext: initialization started
[INFO] [2017-02-27 12:29:24][org.springframework.web.context.support.XmlWebApplicationContext]Refreshing Root WebApplicationContext: startup date [Mon Feb 27 12:29:24 CST 2017]; root of context hierarchy
[INFO] [2017-02-27 12:29:24][org.springframework.beans.factory.xml.XmlBeanDefinitionReader]Loading XML bean definitions from class path resource [applicationContext.xml]
[INFO] [2017-02-27 12:29:24][org.springframework.beans.factory.config.PropertyPlaceholderConfigurer]Loading properties file from class path resource [jdbc.properties]
[INFO] [2017-02-27 12:29:24][org.springframework.beans.factory.annotation.AutowiredAnnotationBeanPostProcessor]JSR-330 'javax.inject.Inject' annotation found and supported for autowiring
[INFO] [2017-02-27 12:29:25][org.springframework.web.context.ContextLoader]Root WebApplicationContext: initialization completed in 575 ms
[INFO] [2017-02-27 12:29:25][org.springframework.web.servlet.DispatcherServlet]FrameworkServlet 'SpringMVC': initialization started
[INFO] [2017-02-27 12:29:25][org.springframework.web.context.support.XmlWebApplicationContext]Refreshing WebApplicationContext for namespace 'SpringMVC-servlet': startup date [Mon Feb 27 12:29:25 CST 2017]; parent: Root WebApplicationContext
[INFO] [2017-02-27 12:29:25][org.springframework.beans.factory.xml.XmlBeanDefinitionReader]Loading XML bean definitions from class path resource [spring-mvc.xml]
[INFO] [2017-02-27 12:29:25][org.springframework.beans.factory.annotation.AutowiredAnnotationBeanPostProcessor]JSR-330 'javax.inject.Inject' annotation found and supported for autowiring
[INFO] [2017-02-27 12:29:25][org.springframework.web.servlet.mvc.annotation.DefaultAnnotationHandlerMapping]Root mapping to handler 'homeController'
[INFO] [2017-02-27 12:29:25][org.springframework.web.servlet.DispatcherServlet]FrameworkServlet 'SpringMVC': initialization completed in 280 ms
[WARN] [2017-02-27 12:29:30][org.springframework.web.servlet.PageNotFound]No mapping found for HTTP request with URI [/static/extjs/bootstrap.js] in DispatcherServlet with name 'SpringMVC'
[WARN] [2017-02-27 12:30:01][org.springframework.web.servlet.PageNotFound]No mapping found for HTTP request with URI [/static/extjs/bootstrap.js] in DispatcherServlet with name 'SpringMVC'
[WARN] [2017-02-27 12:31:08][org.springframework.web.servlet.PageNotFound]No mapping found for HTTP request with URI [/static/extjs/bootstrap.js] in DispatcherServlet with name 'SpringMVC'
[INFO] [2017-02-27 12:33:35][org.springframework.web.context.ContextLoader]Root WebApplicationContext: initialization started
[INFO] [2017-02-27 12:33:35][org.springframework.web.context.support.XmlWebApplicationContext]Refreshing Root WebApplicationContext: startup date [Mon Feb 27 12:33:35 CST 2017]; root of context hierarchy
[INFO] [2017-02-27 12:33:35][org.springframework.beans.factory.xml.XmlBeanDefinitionReader]Loading XML bean definitions from class path resource [applicationContext.xml]
[INFO] [2017-02-27 12:33:35][org.springframework.beans.factory.config.PropertyPlaceholderConfigurer]Loading properties file from class path resource [jdbc.properties]
[INFO] [2017-02-27 12:33:35][org.springframework.beans.factory.annotation.AutowiredAnnotationBeanPostProcessor]JSR-330 'javax.inject.Inject' annotation found and supported for autowiring
[INFO] [2017-02-27 12:33:36][org.springframework.web.context.ContextLoader]Root WebApplicationContext: initialization completed in 599 ms
[INFO] [2017-02-27 12:33:36][org.springframework.web.servlet.DispatcherServlet]FrameworkServlet 'SpringMVC': initialization started
[INFO] [2017-02-27 12:33:36][org.springframework.web.context.support.XmlWebApplicationContext]Refreshing WebApplicationContext for namespace 'SpringMVC-servlet': startup date [Mon Feb 27 12:33:36 CST 2017]; parent: Root WebApplicationContext
[INFO] [2017-02-27 12:33:36][org.springframework.beans.factory.xml.XmlBeanDefinitionReader]Loading XML bean definitions from class path resource [spring-mvc.xml]
[INFO] [2017-02-27 12:33:36][org.springframework.beans.factory.annotation.AutowiredAnnotationBeanPostProcessor]JSR-330 'javax.inject.Inject' annotation found and supported for autowiring
[INFO] [2017-02-27 12:33:36][org.springframework.web.servlet.mvc.annotation.DefaultAnnotationHandlerMapping]Root mapping to handler 'homeController'
[INFO] [2017-02-27 12:33:36][org.springframework.web.servlet.DispatcherServlet]FrameworkServlet 'SpringMVC': initialization completed in 265 ms
[WARN] [2017-02-27 12:33:40][org.springframework.web.servlet.PageNotFound]No mapping found for HTTP request with URI [/static/extjs/bootstrap.js] in DispatcherServlet with name 'SpringMVC'
[INFO] [2017-02-27 12:36:52][org.springframework.web.context.ContextLoader]Root WebApplicationContext: initialization started
[INFO] [2017-02-27 12:36:52][org.springframework.web.context.support.XmlWebApplicationContext]Refreshing Root WebApplicationContext: startup date [Mon Feb 27 12:36:52 CST 2017]; root of context hierarchy
[INFO] [2017-02-27 12:36:52][org.springframework.beans.factory.xml.XmlBeanDefinitionReader]Loading XML bean definitions from class path resource [applicationContext.xml]
[INFO] [2017-02-27 12:36:52][org.springframework.beans.factory.config.PropertyPlaceholderConfigurer]Loading properties file from class path resource [jdbc.properties]
[INFO] [2017-02-27 12:36:52][org.springframework.beans.factory.annotation.AutowiredAnnotationBeanPostProcessor]JSR-330 'javax.inject.Inject' annotation found and supported for autowiring
[INFO] [2017-02-27 12:36:52][org.springframework.web.context.ContextLoader]Root WebApplicationContext: initialization completed in 617 ms
[INFO] [2017-02-27 12:36:52][org.springframework.web.servlet.DispatcherServlet]FrameworkServlet 'SpringMVC': initialization started
[INFO] [2017-02-27 12:36:52][org.springframework.web.context.support.XmlWebApplicationContext]Refreshing WebApplicationContext for namespace 'SpringMVC-servlet': startup date [Mon Feb 27 12:36:52 CST 2017]; parent: Root WebApplicationContext
[INFO] [2017-02-27 12:36:52][org.springframework.beans.factory.xml.XmlBeanDefinitionReader]Loading XML bean definitions from class path resource [spring-mvc.xml]
[INFO] [2017-02-27 12:36:52][org.springframework.beans.factory.annotation.AutowiredAnnotationBeanPostProcessor]JSR-330 'javax.inject.Inject' annotation found and supported for autowiring
[INFO] [2017-02-27 12:36:52][org.springframework.web.servlet.mvc.annotation.DefaultAnnotationHandlerMapping]Root mapping to handler 'homeController'
[INFO] [2017-02-27 12:36:52][org.springframework.web.servlet.DispatcherServlet]FrameworkServlet 'SpringMVC': initialization completed in 277 ms
[WARN] [2017-02-27 12:36:54][org.springframework.web.servlet.PageNotFound]No mapping found for HTTP request with URI [/static/extjs/bootstrap.js] in DispatcherServlet with name 'SpringMVC'
[WARN] [2017-02-27 12:36:56][org.springframework.web.servlet.PageNotFound]No mapping found for HTTP request with URI [/static/extjs/bootstrap.js] in DispatcherServlet with name 'SpringMVC'
[INFO] [2017-02-27 12:38:27][org.springframework.web.context.ContextLoader]Root WebApplicationContext: initialization started
[INFO] [2017-02-27 12:38:27][org.springframework.web.context.support.XmlWebApplicationContext]Refreshing Root WebApplicationContext: startup date [Mon Feb 27 12:38:27 CST 2017]; root of context hierarchy
[INFO] [2017-02-27 12:38:27][org.springframework.beans.factory.xml.XmlBeanDefinitionReader]Loading XML bean definitions from class path resource [applicationContext.xml]
[INFO] [2017-02-27 12:38:27][org.springframework.beans.factory.config.PropertyPlaceholderConfigurer]Loading properties file from class path resource [jdbc.properties]
[INFO] [2017-02-27 12:38:27][org.springframework.beans.factory.annotation.AutowiredAnnotationBeanPostProcessor]JSR-330 'javax.inject.Inject' annotation found and supported for autowiring
[INFO] [2017-02-27 12:38:27][org.springframework.web.context.ContextLoader]Root WebApplicationContext: initialization completed in 645 ms
[INFO] [2017-02-27 12:38:27][org.springframework.web.servlet.DispatcherServlet]FrameworkServlet 'SpringMVC': initialization started
[INFO] [2017-02-27 12:38:27][org.springframework.web.context.support.XmlWebApplicationContext]Refreshing WebApplicationContext for namespace 'SpringMVC-servlet': startup date [Mon Feb 27 12:38:27 CST 2017]; parent: Root WebApplicationContext
[INFO] [2017-02-27 12:38:27][org.springframework.beans.factory.xml.XmlBeanDefinitionReader]Loading XML bean definitions from class path resource [spring-mvc.xml]
[INFO] [2017-02-27 12:38:27][org.springframework.beans.factory.annotation.AutowiredAnnotationBeanPostProcessor]JSR-330 'javax.inject.Inject' annotation found and supported for autowiring
[INFO] [2017-02-27 12:38:27][org.springframework.web.servlet.mvc.annotation.DefaultAnnotationHandlerMapping]Root mapping to handler 'homeController'
[INFO] [2017-02-27 12:38:28][org.springframework.web.servlet.DispatcherServlet]FrameworkServlet 'SpringMVC': initialization completed in 315 ms
[WARN] [2017-02-27 12:38:31][org.springframework.web.servlet.PageNotFound]No mapping found for HTTP request with URI [/static/extjs/bootstrap.js] in DispatcherServlet with name 'SpringMVC'
[WARN] [2017-02-27 12:38:34][org.springframework.web.servlet.PageNotFound]No mapping found for HTTP request with URI [/static/extjs/bootstrap.js] in DispatcherServlet with name 'SpringMVC'
[INFO] [2017-02-27 12:39:06][org.springframework.web.context.ContextLoader]Root WebApplicationContext: initialization started
[INFO] [2017-02-27 12:39:06][org.springframework.web.context.support.XmlWebApplicationContext]Refreshing Root WebApplicationContext: startup date [Mon Feb 27 12:39:06 CST 2017]; root of context hierarchy
[INFO] [2017-02-27 12:39:06][org.springframework.beans.factory.xml.XmlBeanDefinitionReader]Loading XML bean definitions from class path resource [applicationContext.xml]
[INFO] [2017-02-27 12:39:06][org.springframework.beans.factory.config.PropertyPlaceholderConfigurer]Loading properties file from class path resource [jdbc.properties]
[INFO] [2017-02-27 12:39:06][org.springframework.beans.factory.annotation.AutowiredAnnotationBeanPostProcessor]JSR-330 'javax.inject.Inject' annotation found and supported for autowiring
[INFO] [2017-02-27 12:39:07][org.springframework.web.context.ContextLoader]Root WebApplicationContext: initialization completed in 581 ms
[INFO] [2017-02-27 12:39:07][org.springframework.web.servlet.DispatcherServlet]FrameworkServlet 'SpringMVC': initialization started
[INFO] [2017-02-27 12:39:07][org.springframework.web.context.support.XmlWebApplicationContext]Refreshing WebApplicationContext for namespace 'SpringMVC-servlet': startup date [Mon Feb 27 12:39:07 CST 2017]; parent: Root WebApplicationContext
[INFO] [2017-02-27 12:39:07][org.springframework.beans.factory.xml.XmlBeanDefinitionReader]Loading XML bean definitions from class path resource [spring-mvc.xml]
[INFO] [2017-02-27 12:39:07][org.springframework.beans.factory.annotation.AutowiredAnnotationBeanPostProcessor]JSR-330 'javax.inject.Inject' annotation found and supported for autowiring
[INFO] [2017-02-27 12:39:07][org.springframework.web.servlet.mvc.annotation.DefaultAnnotationHandlerMapping]Root mapping to handler 'homeController'
[INFO] [2017-02-27 12:39:07][org.springframework.web.servlet.DispatcherServlet]FrameworkServlet 'SpringMVC': initialization completed in 267 ms
[WARN] [2017-02-27 12:39:12][org.springframework.web.servlet.PageNotFound]No mapping found for HTTP request with URI [/static/extjs/bootstrap.js] in DispatcherServlet with name 'SpringMVC'
[WARN] [2017-02-27 12:39:14][org.springframework.web.servlet.PageNotFound]No mapping found for HTTP request with URI [/static/extjs/bootstrap.js] in DispatcherServlet with name 'SpringMVC'
[INFO] [2017-02-27 12:39:28][org.springframework.web.context.ContextLoader]Root WebApplicationContext: initialization started
[INFO] [2017-02-27 12:39:28][org.springframework.web.context.support.XmlWebApplicationContext]Refreshing Root WebApplicationContext: startup date [Mon Feb 27 12:39:28 CST 2017]; root of context hierarchy
[INFO] [2017-02-27 12:39:28][org.springframework.beans.factory.xml.XmlBeanDefinitionReader]Loading XML bean definitions from class path resource [applicationContext.xml]
[INFO] [2017-02-27 12:39:28][org.springframework.beans.factory.config.PropertyPlaceholderConfigurer]Loading properties file from class path resource [jdbc.properties]
[INFO] [2017-02-27 12:39:28][org.springframework.beans.factory.annotation.AutowiredAnnotationBeanPostProcessor]JSR-330 'javax.inject.Inject' annotation found and supported for autowiring
[INFO] [2017-02-27 12:39:29][org.springframework.web.context.ContextLoader]Root WebApplicationContext: initialization completed in 552 ms
[INFO] [2017-02-27 12:39:29][org.springframework.web.servlet.DispatcherServlet]FrameworkServlet 'SpringMVC': initialization started
[INFO] [2017-02-27 12:39:29][org.springframework.web.context.support.XmlWebApplicationContext]Refreshing WebApplicationContext for namespace 'SpringMVC-servlet': startup date [Mon Feb 27 12:39:29 CST 2017]; parent: Root WebApplicationContext
[INFO] [2017-02-27 12:39:29][org.springframework.beans.factory.xml.XmlBeanDefinitionReader]Loading XML bean definitions from class path resource [spring-mvc.xml]
[INFO] [2017-02-27 12:39:29][org.springframework.beans.factory.annotation.AutowiredAnnotationBeanPostProcessor]JSR-330 'javax.inject.Inject' annotation found and supported for autowiring
[INFO] [2017-02-27 12:39:29][org.springframework.web.servlet.mvc.annotation.DefaultAnnotationHandlerMapping]Root mapping to handler 'homeController'
[INFO] [2017-02-27 12:39:29][org.springframework.web.servlet.DispatcherServlet]FrameworkServlet 'SpringMVC': initialization completed in 275 ms
[WARN] [2017-02-27 12:39:31][org.springframework.web.servlet.PageNotFound]No mapping found for HTTP request with URI [/static/extjs/bootstrap.js] in DispatcherServlet with name 'SpringMVC'
[INFO] [2017-02-27 12:44:32][org.springframework.web.context.ContextLoader]Root WebApplicationContext: initialization started
[INFO] [2017-02-27 12:44:32][org.springframework.web.context.support.XmlWebApplicationContext]Refreshing Root WebApplicationContext: startup date [Mon Feb 27 12:44:32 CST 2017]; root of context hierarchy
[INFO] [2017-02-27 12:44:32][org.springframework.beans.factory.xml.XmlBeanDefinitionReader]Loading XML bean definitions from class path resource [applicationContext.xml]
[INFO] [2017-02-27 12:44:32][org.springframework.beans.factory.config.PropertyPlaceholderConfigurer]Loading properties file from class path resource [jdbc.properties]
[INFO] [2017-02-27 12:44:32][org.springframework.beans.factory.annotation.AutowiredAnnotationBeanPostProcessor]JSR-330 'javax.inject.Inject' annotation found and supported for autowiring
[INFO] [2017-02-27 12:44:32][org.springframework.web.context.ContextLoader]Root WebApplicationContext: initialization completed in 594 ms
[INFO] [2017-02-27 12:44:32][org.springframework.web.servlet.DispatcherServlet]FrameworkServlet 'SpringMVC': initialization started
[INFO] [2017-02-27 12:44:32][org.springframework.web.context.support.XmlWebApplicationContext]Refreshing WebApplicationContext for namespace 'SpringMVC-servlet': startup date [Mon Feb 27 12:44:32 CST 2017]; parent: Root WebApplicationContext
[INFO] [2017-02-27 12:44:32][org.springframework.beans.factory.xml.XmlBeanDefinitionReader]Loading XML bean definitions from class path resource [spring-mvc.xml]
[INFO] [2017-02-27 12:44:32][org.springframework.beans.factory.annotation.AutowiredAnnotationBeanPostProcessor]JSR-330 'javax.inject.Inject' annotation found and supported for autowiring
[INFO] [2017-02-27 12:44:33][org.springframework.web.servlet.mvc.method.annotation.RequestMappingHandlerMapping]Mapped "{[/]}" onto public java.lang.String org.school.manager.controller.HomeController.Index()
[INFO] [2017-02-27 12:44:33][org.springframework.web.servlet.mvc.method.annotation.RequestMappingHandlerAdapter]Looking for @ControllerAdvice: WebApplicationContext for namespace 'SpringMVC-servlet': startup date [Mon Feb 27 12:44:32 CST 2017]; parent: Root WebApplicationContext
[INFO] [2017-02-27 12:44:33][org.springframework.web.servlet.mvc.method.annotation.RequestMappingHandlerAdapter]Looking for @ControllerAdvice: WebApplicationContext for namespace 'SpringMVC-servlet': startup date [Mon Feb 27 12:44:32 CST 2017]; parent: Root WebApplicationContext
[INFO] [2017-02-27 12:44:33][org.springframework.web.servlet.handler.SimpleUrlHandlerMapping]Mapped URL path [/static/**] onto handler 'org.springframework.web.servlet.resource.ResourceHttpRequestHandler#0'
[INFO] [2017-02-27 12:44:33][org.springframework.web.servlet.DispatcherServlet]FrameworkServlet 'SpringMVC': initialization completed in 669 ms
[INFO] [2017-02-27 12:51:26][org.springframework.web.context.ContextLoader]Root WebApplicationContext: initialization started
[INFO] [2017-02-27 12:51:26][org.springframework.web.context.support.XmlWebApplicationContext]Refreshing Root WebApplicationContext: startup date [Mon Feb 27 12:51:26 CST 2017]; root of context hierarchy
[INFO] [2017-02-27 12:51:26][org.springframework.beans.factory.xml.XmlBeanDefinitionReader]Loading XML bean definitions from class path resource [applicationContext.xml]
[INFO] [2017-02-27 12:51:26][org.springframework.beans.factory.config.PropertyPlaceholderConfigurer]Loading properties file from class path resource [jdbc.properties]
[INFO] [2017-02-27 12:51:26][org.springframework.beans.factory.annotation.AutowiredAnnotationBeanPostProcessor]JSR-330 'javax.inject.Inject' annotation found and supported for autowiring
[INFO] [2017-02-27 12:51:26][org.springframework.web.context.ContextLoader]Root WebApplicationContext: initialization completed in 779 ms
[INFO] [2017-02-27 12:51:27][org.springframework.web.servlet.DispatcherServlet]FrameworkServlet 'SpringMVC': initialization started
[INFO] [2017-02-27 12:51:27][org.springframework.web.context.support.XmlWebApplicationContext]Refreshing WebApplicationContext for namespace 'SpringMVC-servlet': startup date [Mon Feb 27 12:51:27 CST 2017]; parent: Root WebApplicationContext
[INFO] [2017-02-27 12:51:27][org.springframework.beans.factory.xml.XmlBeanDefinitionReader]Loading XML bean definitions from class path resource [spring-mvc.xml]
[INFO] [2017-02-27 12:51:27][org.springframework.beans.factory.annotation.AutowiredAnnotationBeanPostProcessor]JSR-330 'javax.inject.Inject' annotation found and supported for autowiring
[INFO] [2017-02-27 12:51:27][org.springframework.web.servlet.mvc.method.annotation.RequestMappingHandlerMapping]Mapped "{[/]}" onto public java.lang.String org.school.manager.controller.HomeController.Index()
[INFO] [2017-02-27 12:51:27][org.springframework.web.servlet.mvc.method.annotation.RequestMappingHandlerAdapter]Looking for @ControllerAdvice: WebApplicationContext for namespace 'SpringMVC-servlet': startup date [Mon Feb 27 12:51:27 CST 2017]; parent: Root WebApplicationContext
[INFO] [2017-02-27 12:51:27][org.springframework.web.servlet.mvc.method.annotation.RequestMappingHandlerAdapter]Looking for @ControllerAdvice: WebApplicationContext for namespace 'SpringMVC-servlet': startup date [Mon Feb 27 12:51:27 CST 2017]; parent: Root WebApplicationContext
[INFO] [2017-02-27 12:51:27][org.springframework.web.servlet.handler.SimpleUrlHandlerMapping]Mapped URL path [/static/**] onto handler 'org.springframework.web.servlet.resource.ResourceHttpRequestHandler#0'
[INFO] [2017-02-27 12:51:27][org.springframework.web.servlet.DispatcherServlet]FrameworkServlet 'SpringMVC': initialization completed in 892 ms
[WARN] [2017-02-27 12:52:46][org.springframework.web.servlet.PageNotFound]No mapping found for HTTP request with URI [/$%7BpageContext.request.contextPath%7D/static/extjs/resources/css/ext-all-neptune-debug.css] in DispatcherServlet with name 'SpringMVC'
[WARN] [2017-02-27 12:52:46][org.springframework.web.servlet.PageNotFound]No mapping found for HTTP request with URI [/$%7BpageContext.request.contextPath%7D/static/extjs/bootstrap.js] in DispatcherServlet with name 'SpringMVC'
[WARN] [2017-02-27 12:56:03][org.springframework.web.servlet.PageNotFound]No mapping found for HTTP request with URI [/$%7BpageContext.request.contextPath%7D/static/extjs/resources/css/ext-all-neptune-debug.css] in DispatcherServlet with name 'SpringMVC'
[WARN] [2017-02-27 12:56:03][org.springframework.web.servlet.PageNotFound]No mapping found for HTTP request with URI [/$%7BpageContext.request.contextPath%7D/static/extjs/bootstrap.js] in DispatcherServlet with name 'SpringMVC'
[WARN] [2017-02-27 12:56:09][org.springframework.web.servlet.PageNotFound]No mapping found for HTTP request with URI [/$%7BpageContext.request.contextPath%7D/static/extjs/resources/css/ext-all-neptune-debug.css] in DispatcherServlet with name 'SpringMVC'
[WARN] [2017-02-27 12:56:09][org.springframework.web.servlet.PageNotFound]No mapping found for HTTP request with URI [/$%7BpageContext.request.contextPath%7D/static/extjs/bootstrap.js] in DispatcherServlet with name 'SpringMVC'
[WARN] [2017-02-27 13:05:12][org.springframework.web.servlet.PageNotFound]No mapping found for HTTP request with URI [/$%7BpageContext.request.contextPath%7D/static/extjs/resources/css/ext-all-neptune-debug.css] in DispatcherServlet with name 'SpringMVC'
[WARN] [2017-02-27 13:05:12][org.springframework.web.servlet.PageNotFound]No mapping found for HTTP request with URI [/$%7BpageContext.request.contextPath%7D/static/extjs/bootstrap.js] in DispatcherServlet with name 'SpringMVC'
[INFO] [2017-02-27 13:05:35][org.springframework.web.context.ContextLoader]Root WebApplicationContext: initialization started
[INFO] [2017-02-27 13:05:35][org.springframework.web.context.support.XmlWebApplicationContext]Refreshing Root WebApplicationContext: startup date [Mon Feb 27 13:05:35 CST 2017]; root of context hierarchy
[INFO] [2017-02-27 13:05:35][org.springframework.beans.factory.xml.XmlBeanDefinitionReader]Loading XML bean definitions from class path resource [applicationContext.xml]
[INFO] [2017-02-27 13:05:35][org.springframework.beans.factory.config.PropertyPlaceholderConfigurer]Loading properties file from class path resource [jdbc.properties]
[INFO] [2017-02-27 13:05:35][org.springframework.beans.factory.annotation.AutowiredAnnotationBeanPostProcessor]JSR-330 'javax.inject.Inject' annotation found and supported for autowiring
[INFO] [2017-02-27 13:05:35][org.springframework.web.context.ContextLoader]Root WebApplicationContext: initialization completed in 605 ms
[INFO] [2017-02-27 13:05:35][org.springframework.web.servlet.DispatcherServlet]FrameworkServlet 'SpringMVC': initialization started
[INFO] [2017-02-27 13:05:35][org.springframework.web.context.support.XmlWebApplicationContext]Refreshing WebApplicationContext for namespace 'SpringMVC-servlet': startup date [Mon Feb 27 13:05:35 CST 2017]; parent: Root WebApplicationContext
[INFO] [2017-02-27 13:05:35][org.springframework.beans.factory.xml.XmlBeanDefinitionReader]Loading XML bean definitions from class path resource [spring-mvc.xml]
[INFO] [2017-02-27 13:05:35][org.springframework.beans.factory.annotation.AutowiredAnnotationBeanPostProcessor]JSR-330 'javax.inject.Inject' annotation found and supported for autowiring
[INFO] [2017-02-27 13:05:36][org.springframework.web.servlet.mvc.method.annotation.RequestMappingHandlerMapping]Mapped "{[/]}" onto public java.lang.String org.school.manager.controller.HomeController.Index()
[INFO] [2017-02-27 13:05:36][org.springframework.web.servlet.mvc.method.annotation.RequestMappingHandlerAdapter]Looking for @ControllerAdvice: WebApplicationContext for namespace 'SpringMVC-servlet': startup date [Mon Feb 27 13:05:35 CST 2017]; parent: Root WebApplicationContext
[INFO] [2017-02-27 13:05:36][org.springframework.web.servlet.mvc.method.annotation.RequestMappingHandlerAdapter]Looking for @ControllerAdvice: WebApplicationContext for namespace 'SpringMVC-servlet': startup date [Mon Feb 27 13:05:35 CST 2017]; parent: Root WebApplicationContext
[INFO] [2017-02-27 13:05:36][org.springframework.web.servlet.handler.SimpleUrlHandlerMapping]Mapped URL path [/static/**] onto handler 'org.springframework.web.servlet.resource.ResourceHttpRequestHandler#0'
[INFO] [2017-02-27 13:05:36][org.springframework.web.servlet.DispatcherServlet]FrameworkServlet 'SpringMVC': initialization completed in 658 ms
[WARN] [2017-02-27 13:05:38][org.springframework.web.servlet.PageNotFound]No mapping found for HTTP request with URI [/$%7BpageContext.request.contextPath%7D/static/extjs/resources/css/ext-all-neptune-debug.css] in DispatcherServlet with name 'SpringMVC'
[WARN] [2017-02-27 13:05:38][org.springframework.web.servlet.PageNotFound]No mapping found for HTTP request with URI [/$%7BpageContext.request.contextPath%7D/static/extjs/bootstrap.js] in DispatcherServlet with name 'SpringMVC'
[WARN] [2017-02-27 13:05:41][org.springframework.web.servlet.PageNotFound]No mapping found for HTTP request with URI [/$%7BpageContext.request.contextPath%7D/static/extjs/resources/css/ext-all-neptune-debug.css] in DispatcherServlet with name 'SpringMVC'
[WARN] [2017-02-27 13:05:41][org.springframework.web.servlet.PageNotFound]No mapping found for HTTP request with URI [/$%7BpageContext.request.contextPath%7D/static/extjs/bootstrap.js] in DispatcherServlet with name 'SpringMVC'
[WARN] [2017-02-27 13:06:45][org.springframework.web.servlet.PageNotFound]No mapping found for HTTP request with URI [/$%7BpageContext.request.contextPath%7D/static/extjs/resources/css/ext-all-neptune-debug.css] in DispatcherServlet with name 'SpringMVC'
[WARN] [2017-02-27 13:06:45][org.springframework.web.servlet.PageNotFound]No mapping found for HTTP request with URI [/$%7BpageContext.request.contextPath%7D/static/extjs/bootstrap.js] in DispatcherServlet with name 'SpringMVC'
[WARN] [2017-02-27 13:06:45][org.springframework.web.servlet.PageNotFound]No mapping found for HTTP request with URI [/$%7BpageContext.request.contextPath%7D/static/extjs/resources/css/ext-all-neptune-debug.css] in DispatcherServlet with name 'SpringMVC'
[WARN] [2017-02-27 13:06:45][org.springframework.web.servlet.PageNotFound]No mapping found for HTTP request with URI [/$%7BpageContext.request.contextPath%7D/static/extjs/bootstrap.js] in DispatcherServlet with name 'SpringMVC'
[INFO] [2017-02-27 13:06:55][org.springframework.web.context.ContextLoader]Root WebApplicationContext: initialization started
[INFO] [2017-02-27 13:06:55][org.springframework.web.context.support.XmlWebApplicationContext]Refreshing Root WebApplicationContext: startup date [Mon Feb 27 13:06:55 CST 2017]; root of context hierarchy
[INFO] [2017-02-27 13:06:55][org.springframework.beans.factory.xml.XmlBeanDefinitionReader]Loading XML bean definitions from class path resource [applicationContext.xml]
[INFO] [2017-02-27 13:06:55][org.springframework.beans.factory.config.PropertyPlaceholderConfigurer]Loading properties file from class path resource [jdbc.properties]
[INFO] [2017-02-27 13:06:55][org.springframework.beans.factory.annotation.AutowiredAnnotationBeanPostProcessor]JSR-330 'javax.inject.Inject' annotation found and supported for autowiring
[INFO] [2017-02-27 13:06:56][org.springframework.web.context.ContextLoader]Root WebApplicationContext: initialization completed in 609 ms
[INFO] [2017-02-27 13:06:56][org.springframework.web.servlet.DispatcherServlet]FrameworkServlet 'SpringMVC': initialization started
[INFO] [2017-02-27 13:06:56][org.springframework.web.context.support.XmlWebApplicationContext]Refreshing WebApplicationContext for namespace 'SpringMVC-servlet': startup date [Mon Feb 27 13:06:56 CST 2017]; parent: Root WebApplicationContext
[INFO] [2017-02-27 13:06:56][org.springframework.beans.factory.xml.XmlBeanDefinitionReader]Loading XML bean definitions from class path resource [spring-mvc.xml]
[INFO] [2017-02-27 13:06:56][org.springframework.beans.factory.annotation.AutowiredAnnotationBeanPostProcessor]JSR-330 'javax.inject.Inject' annotation found and supported for autowiring
[INFO] [2017-02-27 13:06:56][org.springframework.web.servlet.mvc.method.annotation.RequestMappingHandlerMapping]Mapped "{[/index.jsp]}" onto public java.lang.String org.school.manager.controller.HomeController.Index()
[INFO] [2017-02-27 13:06:56][org.springframework.web.servlet.mvc.method.annotation.RequestMappingHandlerAdapter]Looking for @ControllerAdvice: WebApplicationContext for namespace 'SpringMVC-servlet': startup date [Mon Feb 27 13:06:56 CST 2017]; parent: Root WebApplicationContext
[INFO] [2017-02-27 13:06:56][org.springframework.web.servlet.mvc.method.annotation.RequestMappingHandlerAdapter]Looking for @ControllerAdvice: WebApplicationContext for namespace 'SpringMVC-servlet': startup date [Mon Feb 27 13:06:56 CST 2017]; parent: Root WebApplicationContext
[INFO] [2017-02-27 13:06:56][org.springframework.web.servlet.handler.SimpleUrlHandlerMapping]Mapped URL path [/static/**] onto handler 'org.springframework.web.servlet.resource.ResourceHttpRequestHandler#0'
[INFO] [2017-02-27 13:06:56][org.springframework.web.servlet.DispatcherServlet]FrameworkServlet 'SpringMVC': initialization completed in 723 ms
[WARN] [2017-02-27 13:06:59][org.springframework.web.servlet.PageNotFound]No mapping found for HTTP request with URI [/] in DispatcherServlet with name 'SpringMVC'
[WARN] [2017-02-27 13:07:33][org.springframework.web.servlet.PageNotFound]No mapping found for HTTP request with URI [/] in DispatcherServlet with name 'SpringMVC'
[WARN] [2017-02-27 13:07:33][org.springframework.web.servlet.PageNotFound]No mapping found for HTTP request with URI [/] in DispatcherServlet with name 'SpringMVC'
[INFO] [2017-02-27 13:07:58][org.springframework.web.context.ContextLoader]Root WebApplicationContext: initialization started
[INFO] [2017-02-27 13:07:58][org.springframework.web.context.support.XmlWebApplicationContext]Refreshing Root WebApplicationContext: startup date [Mon Feb 27 13:07:58 CST 2017]; root of context hierarchy
[INFO] [2017-02-27 13:07:58][org.springframework.beans.factory.xml.XmlBeanDefinitionReader]Loading XML bean definitions from class path resource [applicationContext.xml]
[INFO] [2017-02-27 13:07:58][org.springframework.beans.factory.config.PropertyPlaceholderConfigurer]Loading properties file from class path resource [jdbc.properties]
[INFO] [2017-02-27 13:07:58][org.springframework.beans.factory.annotation.AutowiredAnnotationBeanPostProcessor]JSR-330 'javax.inject.Inject' annotation found and supported for autowiring
[INFO] [2017-02-27 13:07:58][org.springframework.web.context.ContextLoader]Root WebApplicationContext: initialization completed in 577 ms
[INFO] [2017-02-27 13:07:59][org.springframework.web.servlet.DispatcherServlet]FrameworkServlet 'SpringMVC': initialization started
[INFO] [2017-02-27 13:07:59][org.springframework.web.context.support.XmlWebApplicationContext]Refreshing WebApplicationContext for namespace 'SpringMVC-servlet': startup date [Mon Feb 27 13:07:59 CST 2017]; parent: Root WebApplicationContext
[INFO] [2017-02-27 13:07:59][org.springframework.beans.factory.xml.XmlBeanDefinitionReader]Loading XML bean definitions from class path resource [spring-mvc.xml]
[INFO] [2017-02-27 13:07:59][org.springframework.beans.factory.annotation.AutowiredAnnotationBeanPostProcessor]JSR-330 'javax.inject.Inject' annotation found and supported for autowiring
[INFO] [2017-02-27 13:07:59][org.springframework.web.servlet.mvc.method.annotation.RequestMappingHandlerMapping]Mapped "{[/index.jsp]}" onto public java.lang.String org.school.manager.controller.HomeController.Index()
[INFO] [2017-02-27 13:07:59][org.springframework.web.servlet.mvc.method.annotation.RequestMappingHandlerAdapter]Looking for @ControllerAdvice: WebApplicationContext for namespace 'SpringMVC-servlet': startup date [Mon Feb 27 13:07:59 CST 2017]; parent: Root WebApplicationContext
[INFO] [2017-02-27 13:07:59][org.springframework.web.servlet.mvc.method.annotation.RequestMappingHandlerAdapter]Looking for @ControllerAdvice: WebApplicationContext for namespace 'SpringMVC-servlet': startup date [Mon Feb 27 13:07:59 CST 2017]; parent: Root WebApplicationContext
[INFO] [2017-02-27 13:07:59][org.springframework.web.servlet.handler.SimpleUrlHandlerMapping]Mapped URL path [/static/**] onto handler 'org.springframework.web.servlet.resource.ResourceHttpRequestHandler#0'
[INFO] [2017-02-27 13:07:59][org.springframework.web.servlet.DispatcherServlet]FrameworkServlet 'SpringMVC': initialization completed in 688 ms
[INFO] [2017-02-27 13:40:45][org.springframework.web.context.support.XmlWebApplicationContext]Closing WebApplicationContext for namespace 'SpringMVC-servlet': startup date [Mon Feb 27 13:07:59 CST 2017]; parent: Root WebApplicationContext
[INFO] [2017-02-27 13:40:45][org.springframework.web.context.support.XmlWebApplicationContext]Closing Root WebApplicationContext: startup date [Mon Feb 27 13:07:58 CST 2017]; root of context hierarchy
[INFO] [2017-02-27 13:40:46][org.springframework.web.context.ContextLoader]Root WebApplicationContext: initialization started
[INFO] [2017-02-27 13:40:46][org.springframework.web.context.support.XmlWebApplicationContext]Refreshing Root WebApplicationContext: startup date [Mon Feb 27 13:40:46 CST 2017]; root of context hierarchy
[INFO] [2017-02-27 13:40:46][org.springframework.beans.factory.xml.XmlBeanDefinitionReader]Loading XML bean definitions from class path resource [applicationContext.xml]
[INFO] [2017-02-27 13:40:46][org.springframework.beans.factory.config.PropertyPlaceholderConfigurer]Loading properties file from class path resource [jdbc.properties]
[INFO] [2017-02-27 13:40:46][org.springframework.beans.factory.annotation.AutowiredAnnotationBeanPostProcessor]JSR-330 'javax.inject.Inject' annotation found and supported for autowiring
[INFO] [2017-02-27 13:40:46][org.springframework.web.context.ContextLoader]Root WebApplicationContext: initialization completed in 446 ms
[INFO] [2017-02-27 13:40:46][org.springframework.web.servlet.DispatcherServlet]FrameworkServlet 'SpringMVC': initialization started
[INFO] [2017-02-27 13:40:46][org.springframework.web.context.support.XmlWebApplicationContext]Refreshing WebApplicationContext for namespace 'SpringMVC-servlet': startup date [Mon Feb 27 13:40:46 CST 2017]; parent: Root WebApplicationContext
[INFO] [2017-02-27 13:40:46][org.springframework.beans.factory.xml.XmlBeanDefinitionReader]Loading XML bean definitions from class path resource [spring-mvc.xml]
[INFO] [2017-02-27 13:40:46][org.springframework.beans.factory.annotation.AutowiredAnnotationBeanPostProcessor]JSR-330 'javax.inject.Inject' annotation found and supported for autowiring
[INFO] [2017-02-27 13:40:46][org.springframework.web.servlet.mvc.method.annotation.RequestMappingHandlerMapping]Mapped "{[/index.jsp]}" onto public java.lang.String org.school.manager.controller.HomeController.Index()
[INFO] [2017-02-27 13:40:46][org.springframework.web.servlet.mvc.method.annotation.RequestMappingHandlerAdapter]Looking for @ControllerAdvice: WebApplicationContext for namespace 'SpringMVC-servlet': startup date [Mon Feb 27 13:40:46 CST 2017]; parent: Root WebApplicationContext
[INFO] [2017-02-27 13:40:46][org.springframework.web.servlet.mvc.method.annotation.RequestMappingHandlerAdapter]Looking for @ControllerAdvice: WebApplicationContext for namespace 'SpringMVC-servlet': startup date [Mon Feb 27 13:40:46 CST 2017]; parent: Root WebApplicationContext
[INFO] [2017-02-27 13:40:47][org.springframework.web.servlet.handler.SimpleUrlHandlerMapping]Mapped URL path [/static/**] onto handler 'org.springframework.web.servlet.resource.ResourceHttpRequestHandler#0'
[INFO] [2017-02-27 13:40:47][org.springframework.web.servlet.DispatcherServlet]FrameworkServlet 'SpringMVC': initialization completed in 441 ms
[INFO] [2017-02-27 13:40:49][org.springframework.web.context.support.XmlWebApplicationContext]Closing WebApplicationContext for namespace 'SpringMVC-servlet': startup date [Mon Feb 27 13:40:46 CST 2017]; parent: Root WebApplicationContext
[INFO] [2017-02-27 13:40:49][org.springframework.web.context.support.XmlWebApplicationContext]Closing Root WebApplicationContext: startup date [Mon Feb 27 13:40:46 CST 2017]; root of context hierarchy
[INFO] [2017-02-27 13:40:50][org.springframework.web.context.ContextLoader]Root WebApplicationContext: initialization started
[INFO] [2017-02-27 13:40:50][org.springframework.web.context.support.XmlWebApplicationContext]Refreshing Root WebApplicationContext: startup date [Mon Feb 27 13:40:50 CST 2017]; root of context hierarchy
[INFO] [2017-02-27 13:40:50][org.springframework.beans.factory.xml.XmlBeanDefinitionReader]Loading XML bean definitions from class path resource [applicationContext.xml]
[INFO] [2017-02-27 13:40:50][org.springframework.beans.factory.config.PropertyPlaceholderConfigurer]Loading properties file from class path resource [jdbc.properties]
[INFO] [2017-02-27 13:40:50][org.springframework.beans.factory.annotation.AutowiredAnnotationBeanPostProcessor]JSR-330 'javax.inject.Inject' annotation found and supported for autowiring
[INFO] [2017-02-27 13:40:50][org.springframework.web.context.ContextLoader]Root WebApplicationContext: initialization completed in 420 ms
[INFO] [2017-02-27 13:40:50][org.springframework.web.servlet.DispatcherServlet]FrameworkServlet 'SpringMVC': initialization started
[INFO] [2017-02-27 13:40:50][org.springframework.web.context.support.XmlWebApplicationContext]Refreshing WebApplicationContext for namespace 'SpringMVC-servlet': startup date [Mon Feb 27 13:40:50 CST 2017]; parent: Root WebApplicationContext
[INFO] [2017-02-27 13:40:50][org.springframework.beans.factory.xml.XmlBeanDefinitionReader]Loading XML bean definitions from class path resource [spring-mvc.xml]
[INFO] [2017-02-27 13:40:50][org.springframework.beans.factory.annotation.AutowiredAnnotationBeanPostProcessor]JSR-330 'javax.inject.Inject' annotation found and supported for autowiring
[INFO] [2017-02-27 13:40:50][org.springframework.web.servlet.mvc.method.annotation.RequestMappingHandlerMapping]Mapped "{[/index.jsp]}" onto public java.lang.String org.school.manager.controller.HomeController.Index()
[INFO] [2017-02-27 13:40:50][org.springframework.web.servlet.mvc.method.annotation.RequestMappingHandlerAdapter]Looking for @ControllerAdvice: WebApplicationContext for namespace 'SpringMVC-servlet': startup date [Mon Feb 27 13:40:50 CST 2017]; parent: Root WebApplicationContext
[INFO] [2017-02-27 13:40:50][org.springframework.web.servlet.mvc.method.annotation.RequestMappingHandlerAdapter]Looking for @ControllerAdvice: WebApplicationContext for namespace 'SpringMVC-servlet': startup date [Mon Feb 27 13:40:50 CST 2017]; parent: Root WebApplicationContext
[INFO] [2017-02-27 13:40:50][org.springframework.web.servlet.handler.SimpleUrlHandlerMapping]Mapped URL path [/static/**] onto handler 'org.springframework.web.servlet.resource.ResourceHttpRequestHandler#0'
[INFO] [2017-02-27 13:40:50][org.springframework.web.servlet.DispatcherServlet]FrameworkServlet 'SpringMVC': initialization completed in 401 ms
[INFO] [2017-02-27 13:41:30][org.springframework.web.context.ContextLoader]Root WebApplicationContext: initialization started
[INFO] [2017-02-27 13:41:30][org.springframework.web.context.support.XmlWebApplicationContext]Refreshing Root WebApplicationContext: startup date [Mon Feb 27 13:41:30 CST 2017]; root of context hierarchy
[INFO] [2017-02-27 13:41:30][org.springframework.beans.factory.xml.XmlBeanDefinitionReader]Loading XML bean definitions from class path resource [applicationContext.xml]
[INFO] [2017-02-27 13:41:30][org.springframework.beans.factory.config.PropertyPlaceholderConfigurer]Loading properties file from class path resource [jdbc.properties]
[INFO] [2017-02-27 13:41:30][org.springframework.beans.factory.annotation.AutowiredAnnotationBeanPostProcessor]JSR-330 'javax.inject.Inject' annotation found and supported for autowiring
[INFO] [2017-02-27 13:41:31][org.springframework.web.context.ContextLoader]Root WebApplicationContext: initialization completed in 587 ms
[INFO] [2017-02-27 13:41:31][org.springframework.web.servlet.DispatcherServlet]FrameworkServlet 'SpringMVC': initialization started
[INFO] [2017-02-27 13:41:31][org.springframework.web.context.support.XmlWebApplicationContext]Refreshing WebApplicationContext for namespace 'SpringMVC-servlet': startup date [Mon Feb 27 13:41:31 CST 2017]; parent: Root WebApplicationContext
[INFO] [2017-02-27 13:41:31][org.springframework.beans.factory.xml.XmlBeanDefinitionReader]Loading XML bean definitions from class path resource [spring-mvc.xml]
[INFO] [2017-02-27 13:41:31][org.springframework.beans.factory.annotation.AutowiredAnnotationBeanPostProcessor]JSR-330 'javax.inject.Inject' annotation found and supported for autowiring
[INFO] [2017-02-27 13:41:31][org.springframework.web.servlet.mvc.method.annotation.RequestMappingHandlerMapping]Mapped "{[/index.jsp]}" onto public java.lang.String org.school.manager.controller.HomeController.Index()
[INFO] [2017-02-27 13:41:31][org.springframework.web.servlet.mvc.method.annotation.RequestMappingHandlerAdapter]Looking for @ControllerAdvice: WebApplicationContext for namespace 'SpringMVC-servlet': startup date [Mon Feb 27 13:41:31 CST 2017]; parent: Root WebApplicationContext
[INFO] [2017-02-27 13:41:31][org.springframework.web.servlet.mvc.method.annotation.RequestMappingHandlerAdapter]Looking for @ControllerAdvice: WebApplicationContext for namespace 'SpringMVC-servlet': startup date [Mon Feb 27 13:41:31 CST 2017]; parent: Root WebApplicationContext
[INFO] [2017-02-27 13:41:31][org.springframework.web.servlet.handler.SimpleUrlHandlerMapping]Mapped URL path [/static/**] onto handler 'org.springframework.web.servlet.resource.ResourceHttpRequestHandler#0'
[INFO] [2017-02-27 13:41:31][org.springframework.web.servlet.DispatcherServlet]FrameworkServlet 'SpringMVC': initialization completed in 633 ms
[WARN] [2017-02-27 13:42:22][org.springframework.web.servlet.PageNotFound]No mapping found for HTTP request with URI [/index] in DispatcherServlet with name 'SpringMVC'
[WARN] [2017-02-27 13:42:29][org.springframework.web.servlet.PageNotFound]No mapping found for HTTP request with URI [/manager/index] in DispatcherServlet with name 'SpringMVC'
[INFO] [2017-02-27 13:43:13][org.springframework.web.context.ContextLoader]Root WebApplicationContext: initialization started
[INFO] [2017-02-27 13:43:13][org.springframework.web.context.support.XmlWebApplicationContext]Refreshing Root WebApplicationContext: startup date [Mon Feb 27 13:43:13 CST 2017]; root of context hierarchy
[INFO] [2017-02-27 13:43:13][org.springframework.beans.factory.xml.XmlBeanDefinitionReader]Loading XML bean definitions from class path resource [applicationContext.xml]
[INFO] [2017-02-27 13:43:14][org.springframework.beans.factory.config.PropertyPlaceholderConfigurer]Loading properties file from class path resource [jdbc.properties]
[INFO] [2017-02-27 13:43:14][org.springframework.beans.factory.annotation.AutowiredAnnotationBeanPostProcessor]JSR-330 'javax.inject.Inject' annotation found and supported for autowiring
[INFO] [2017-02-27 13:43:14][org.springframework.web.context.ContextLoader]Root WebApplicationContext: initialization completed in 614 ms
[INFO] [2017-02-27 13:43:14][org.springframework.web.servlet.DispatcherServlet]FrameworkServlet 'SpringMVC': initialization started
[INFO] [2017-02-27 13:43:14][org.springframework.web.context.support.XmlWebApplicationContext]Refreshing WebApplicationContext for namespace 'SpringMVC-servlet': startup date [Mon Feb 27 13:43:14 CST 2017]; parent: Root WebApplicationContext
[INFO] [2017-02-27 13:43:14][org.springframework.beans.factory.xml.XmlBeanDefinitionReader]Loading XML bean definitions from class path resource [spring-mvc.xml]
[INFO] [2017-02-27 13:43:14][org.springframework.beans.factory.annotation.AutowiredAnnotationBeanPostProcessor]JSR-330 'javax.inject.Inject' annotation found and supported for autowiring
[INFO] [2017-02-27 13:43:14][org.springframework.web.servlet.handler.SimpleUrlHandlerMapping]Mapped URL path [/static/**] onto handler 'org.springframework.web.servlet.resource.ResourceHttpRequestHandler#0'
[INFO] [2017-02-27 13:43:14][org.springframework.web.servlet.DispatcherServlet]FrameworkServlet 'SpringMVC': initialization completed in 343 ms
[INFO] [2017-02-27 13:56:05][org.springframework.web.context.ContextLoader]Root WebApplicationContext: initialization started
[INFO] [2017-02-27 13:56:05][org.springframework.web.context.support.XmlWebApplicationContext]Refreshing Root WebApplicationContext: startup date [Mon Feb 27 13:56:05 CST 2017]; root of context hierarchy
[INFO] [2017-02-27 13:56:06][org.springframework.beans.factory.xml.XmlBeanDefinitionReader]Loading XML bean definitions from class path resource [applicationContext.xml]
[INFO] [2017-02-27 13:56:06][org.springframework.beans.factory.config.PropertyPlaceholderConfigurer]Loading properties file from class path resource [jdbc.properties]
[INFO] [2017-02-27 13:56:06][org.springframework.beans.factory.annotation.AutowiredAnnotationBeanPostProcessor]JSR-330 'javax.inject.Inject' annotation found and supported for autowiring
[INFO] [2017-02-27 13:56:06][org.springframework.web.context.ContextLoader]Root WebApplicationContext: initialization completed in 599 ms
[INFO] [2017-02-27 13:56:06][org.springframework.web.servlet.DispatcherServlet]FrameworkServlet 'SpringMVC': initialization started
[INFO] [2017-02-27 13:56:06][org.springframework.web.context.support.XmlWebApplicationContext]Refreshing WebApplicationContext for namespace 'SpringMVC-servlet': startup date [Mon Feb 27 13:56:06 CST 2017]; parent: Root WebApplicationContext
[INFO] [2017-02-27 13:56:06][org.springframework.beans.factory.xml.XmlBeanDefinitionReader]Loading XML bean definitions from class path resource [spring-mvc.xml]
[INFO] [2017-02-27 13:56:06][org.springframework.beans.factory.annotation.AutowiredAnnotationBeanPostProcessor]JSR-330 'javax.inject.Inject' annotation found and supported for autowiring
[INFO] [2017-02-27 13:56:06][org.springframework.web.servlet.handler.SimpleUrlHandlerMapping]Mapped URL path [/static/**] onto handler 'org.springframework.web.servlet.resource.ResourceHttpRequestHandler#0'
[INFO] [2017-02-27 13:56:06][org.springframework.web.servlet.DispatcherServlet]FrameworkServlet 'SpringMVC': initialization completed in 363 ms
[INFO] [2017-02-27 14:00:03][org.springframework.web.context.ContextLoader]Root WebApplicationContext: initialization started
[INFO] [2017-02-27 14:00:03][org.springframework.web.context.support.XmlWebApplicationContext]Refreshing Root WebApplicationContext: startup date [Mon Feb 27 14:00:03 CST 2017]; root of context hierarchy
[INFO] [2017-02-27 14:00:03][org.springframework.beans.factory.xml.XmlBeanDefinitionReader]Loading XML bean definitions from class path resource [applicationContext.xml]
[INFO] [2017-02-27 14:00:03][org.springframework.beans.factory.config.PropertyPlaceholderConfigurer]Loading properties file from class path resource [jdbc.properties]
[INFO] [2017-02-27 14:00:03][org.springframework.beans.factory.annotation.AutowiredAnnotationBeanPostProcessor]JSR-330 'javax.inject.Inject' annotation found and supported for autowiring
[INFO] [2017-02-27 14:00:03][org.springframework.web.context.ContextLoader]Root WebApplicationContext: initialization completed in 558 ms
[INFO] [2017-02-27 14:00:03][org.springframework.web.servlet.DispatcherServlet]FrameworkServlet 'SpringMVC': initialization started
[INFO] [2017-02-27 14:00:03][org.springframework.web.context.support.XmlWebApplicationContext]Refreshing WebApplicationContext for namespace 'SpringMVC-servlet': startup date [Mon Feb 27 14:00:03 CST 2017]; parent: Root WebApplicationContext
[INFO] [2017-02-27 14:00:03][org.springframework.beans.factory.xml.XmlBeanDefinitionReader]Loading XML bean definitions from class path resource [spring-mvc.xml]
[INFO] [2017-02-27 14:00:03][org.springframework.beans.factory.annotation.AutowiredAnnotationBeanPostProcessor]JSR-330 'javax.inject.Inject' annotation found and supported for autowiring
[INFO] [2017-02-27 14:00:04][org.springframework.web.servlet.handler.SimpleUrlHandlerMapping]Mapped URL path [/static/**] onto handler 'org.springframework.web.servlet.resource.ResourceHttpRequestHandler#0'
[INFO] [2017-02-27 14:00:04][org.springframework.web.servlet.DispatcherServlet]FrameworkServlet 'SpringMVC': initialization completed in 353 ms
[WARN] [2017-02-27 14:00:27][org.springframework.web.servlet.PageNotFound]No mapping found for HTTP request with URI [/favicon.ico] in DispatcherServlet with name 'SpringMVC'
[WARN] [2017-02-27 14:00:33][org.springframework.web.servlet.PageNotFound]No mapping found for HTTP request with URI [/login] in DispatcherServlet with name 'SpringMVC'
[INFO] [2017-02-27 14:01:39][org.springframework.web.context.ContextLoader]Root WebApplicationContext: initialization started
[INFO] [2017-02-27 14:01:39][org.springframework.web.context.support.XmlWebApplicationContext]Refreshing Root WebApplicationContext: startup date [Mon Feb 27 14:01:39 CST 2017]; root of context hierarchy
[INFO] [2017-02-27 14:01:39][org.springframework.beans.factory.xml.XmlBeanDefinitionReader]Loading XML bean definitions from class path resource [applicationContext.xml]
[INFO] [2017-02-27 14:01:39][org.springframework.beans.factory.config.PropertyPlaceholderConfigurer]Loading properties file from class path resource [jdbc.properties]
[INFO] [2017-02-27 14:01:39][org.springframework.beans.factory.annotation.AutowiredAnnotationBeanPostProcessor]JSR-330 'javax.inject.Inject' annotation found and supported for autowiring
[INFO] [2017-02-27 14:01:39][org.springframework.web.context.ContextLoader]Root WebApplicationContext: initialization completed in 617 ms
[INFO] [2017-02-27 14:01:39][org.springframework.web.servlet.DispatcherServlet]FrameworkServlet 'SpringMVC': initialization started
[INFO] [2017-02-27 14:01:39][org.springframework.web.context.support.XmlWebApplicationContext]Refreshing WebApplicationContext for namespace 'SpringMVC-servlet': startup date [Mon Feb 27 14:01:39 CST 2017]; parent: Root WebApplicationContext
[INFO] [2017-02-27 14:01:39][org.springframework.beans.factory.xml.XmlBeanDefinitionReader]Loading XML bean definitions from class path resource [spring-mvc.xml]
[INFO] [2017-02-27 14:01:39][org.springframework.beans.factory.annotation.AutowiredAnnotationBeanPostProcessor]JSR-330 'javax.inject.Inject' annotation found and supported for autowiring
[INFO] [2017-02-27 14:01:39][org.springframework.web.servlet.handler.SimpleUrlHandlerMapping]Mapped URL path [/static/**] onto handler 'org.springframework.web.servlet.resource.ResourceHttpRequestHandler#0'
[INFO] [2017-02-27 14:01:40][org.springframework.web.servlet.DispatcherServlet]FrameworkServlet 'SpringMVC': initialization completed in 351 ms
[WARN] [2017-02-27 14:01:43][org.springframework.web.servlet.PageNotFound]No mapping found for HTTP request with URI [/login] in DispatcherServlet with name 'SpringMVC'
[WARN] [2017-02-27 14:01:45][org.springframework.web.servlet.PageNotFound]No mapping found for HTTP request with URI [/login] in DispatcherServlet with name 'SpringMVC'
[WARN] [2017-02-27 14:02:21][org.springframework.web.servlet.PageNotFound]No mapping found for HTTP request with URI [/login] in DispatcherServlet with name 'SpringMVC'
[INFO] [2017-02-27 14:05:00][org.springframework.web.context.ContextLoader]Root WebApplicationContext: initialization started
[INFO] [2017-02-27 14:05:00][org.springframework.web.context.support.XmlWebApplicationContext]Refreshing Root WebApplicationContext: startup date [Mon Feb 27 14:05:00 CST 2017]; root of context hierarchy
[INFO] [2017-02-27 14:05:00][org.springframework.beans.factory.xml.XmlBeanDefinitionReader]Loading XML bean definitions from class path resource [applicationContext.xml]
[INFO] [2017-02-27 14:05:00][org.springframework.beans.factory.config.PropertyPlaceholderConfigurer]Loading properties file from class path resource [jdbc.properties]
[INFO] [2017-02-27 14:05:00][org.springframework.beans.factory.annotation.AutowiredAnnotationBeanPostProcessor]JSR-330 'javax.inject.Inject' annotation found and supported for autowiring
[INFO] [2017-02-27 14:05:01][org.springframework.web.context.ContextLoader]Root WebApplicationContext: initialization completed in 557 ms
[INFO] [2017-02-27 14:05:01][org.springframework.web.servlet.DispatcherServlet]FrameworkServlet 'SpringMVC': initialization started
[INFO] [2017-02-27 14:05:01][org.springframework.web.context.support.XmlWebApplicationContext]Refreshing WebApplicationContext for namespace 'SpringMVC-servlet': startup date [Mon Feb 27 14:05:01 CST 2017]; parent: Root WebApplicationContext
[INFO] [2017-02-27 14:05:01][org.springframework.beans.factory.xml.XmlBeanDefinitionReader]Loading XML bean definitions from class path resource [spring-mvc.xml]
[INFO] [2017-02-27 14:05:01][org.springframework.beans.factory.annotation.AutowiredAnnotationBeanPostProcessor]JSR-330 'javax.inject.Inject' annotation found and supported for autowiring
[INFO] [2017-02-27 14:05:01][org.springframework.web.servlet.handler.SimpleUrlHandlerMapping]Mapped URL path [/static/**] onto handler 'org.springframework.web.servlet.resource.ResourceHttpRequestHandler#0'
[INFO] [2017-02-27 14:05:01][org.springframework.web.servlet.DispatcherServlet]FrameworkServlet 'SpringMVC': initialization completed in 351 ms
[WARN] [2017-02-27 14:05:02][org.springframework.web.servlet.PageNotFound]No mapping found for HTTP request with URI [/login] in DispatcherServlet with name 'SpringMVC'
[WARN] [2017-02-27 14:05:07][org.springframework.web.servlet.PageNotFound]No mapping found for HTTP request with URI [/login] in DispatcherServlet with name 'SpringMVC'
[WARN] [2017-02-27 14:05:41][org.springframework.web.servlet.PageNotFound]No mapping found for HTTP request with URI [/] in DispatcherServlet with name 'SpringMVC'
[INFO] [2017-02-27 14:06:16][org.springframework.web.context.ContextLoader]Root WebApplicationContext: initialization started
[INFO] [2017-02-27 14:06:16][org.springframework.web.context.support.XmlWebApplicationContext]Refreshing Root WebApplicationContext: startup date [Mon Feb 27 14:06:16 CST 2017]; root of context hierarchy
[INFO] [2017-02-27 14:06:16][org.springframework.beans.factory.xml.XmlBeanDefinitionReader]Loading XML bean definitions from class path resource [applicationContext.xml]
[INFO] [2017-02-27 14:06:16][org.springframework.beans.factory.config.PropertyPlaceholderConfigurer]Loading properties file from class path resource [jdbc.properties]
[INFO] [2017-02-27 14:06:16][org.springframework.beans.factory.annotation.AutowiredAnnotationBeanPostProcessor]JSR-330 'javax.inject.Inject' annotation found and supported for autowiring
[INFO] [2017-02-27 14:06:17][org.springframework.web.context.ContextLoader]Root WebApplicationContext: initialization completed in 658 ms
[INFO] [2017-02-27 14:06:17][org.springframework.web.servlet.DispatcherServlet]FrameworkServlet 'SpringMVC': initialization started
[INFO] [2017-02-27 14:06:17][org.springframework.web.context.support.XmlWebApplicationContext]Refreshing WebApplicationContext for namespace 'SpringMVC-servlet': startup date [Mon Feb 27 14:06:17 CST 2017]; parent: Root WebApplicationContext
[INFO] [2017-02-27 14:06:17][org.springframework.beans.factory.xml.XmlBeanDefinitionReader]Loading XML bean definitions from class path resource [spring-mvc.xml]
[INFO] [2017-02-27 14:06:17][org.springframework.beans.factory.annotation.AutowiredAnnotationBeanPostProcessor]JSR-330 'javax.inject.Inject' annotation found and supported for autowiring
[INFO] [2017-02-27 14:06:17][org.springframework.web.servlet.mvc.annotation.DefaultAnnotationHandlerMapping]Mapped URL path [/login] onto handler 'homeController'
[INFO] [2017-02-27 14:06:17][org.springframework.web.servlet.mvc.annotation.DefaultAnnotationHandlerMapping]Mapped URL path [/login.*] onto handler 'homeController'
[INFO] [2017-02-27 14:06:17][org.springframework.web.servlet.mvc.annotation.DefaultAnnotationHandlerMapping]Mapped URL path [/login/] onto handler 'homeController'
[INFO] [2017-02-27 14:06:17][org.springframework.web.servlet.mvc.annotation.DefaultAnnotationHandlerMapping]Root mapping to handler 'homeController'
[INFO] [2017-02-27 14:06:17][org.springframework.web.servlet.DispatcherServlet]FrameworkServlet 'SpringMVC': initialization completed in 329 ms
[WARN] [2017-02-27 14:06:27][org.springframework.web.servlet.PageNotFound]No mapping found for HTTP request with URI [/$%7BpageContext.request.contextPath%7D/static/extjs/resources/css/ext-all-neptune-debug.css] in DispatcherServlet with name 'SpringMVC'
[WARN] [2017-02-27 14:06:27][org.springframework.web.servlet.PageNotFound]No mapping found for HTTP request with URI [/$%7BpageContext.request.contextPath%7D/static/extjs/bootstrap.js] in DispatcherServlet with name 'SpringMVC'
[INFO] [2017-02-27 14:07:00][org.springframework.web.context.ContextLoader]Root WebApplicationContext: initialization started
[INFO] [2017-02-27 14:07:00][org.springframework.web.context.support.XmlWebApplicationContext]Refreshing Root WebApplicationContext: startup date [Mon Feb 27 14:07:00 CST 2017]; root of context hierarchy
[INFO] [2017-02-27 14:07:00][org.springframework.beans.factory.xml.XmlBeanDefinitionReader]Loading XML bean definitions from class path resource [applicationContext.xml]
[INFO] [2017-02-27 14:07:00][org.springframework.beans.factory.config.PropertyPlaceholderConfigurer]Loading properties file from class path resource [jdbc.properties]
[INFO] [2017-02-27 14:07:00][org.springframework.beans.factory.annotation.AutowiredAnnotationBeanPostProcessor]JSR-330 'javax.inject.Inject' annotation found and supported for autowiring
[INFO] [2017-02-27 14:07:01][org.springframework.web.context.ContextLoader]Root WebApplicationContext: initialization completed in 606 ms
[INFO] [2017-02-27 14:07:01][org.springframework.web.servlet.DispatcherServlet]FrameworkServlet 'SpringMVC': initialization started
[INFO] [2017-02-27 14:07:01][org.springframework.web.context.support.XmlWebApplicationContext]Refreshing WebApplicationContext for namespace 'SpringMVC-servlet': startup date [Mon Feb 27 14:07:01 CST 2017]; parent: Root WebApplicationContext
[INFO] [2017-02-27 14:07:01][org.springframework.beans.factory.xml.XmlBeanDefinitionReader]Loading XML bean definitions from class path resource [spring-mvc.xml]
[INFO] [2017-02-27 14:07:01][org.springframework.beans.factory.annotation.AutowiredAnnotationBeanPostProcessor]JSR-330 'javax.inject.Inject' annotation found and supported for autowiring
[INFO] [2017-02-27 14:07:01][org.springframework.web.servlet.mvc.annotation.DefaultAnnotationHandlerMapping]Mapped URL path [/index.jsp] onto handler 'homeController'
[INFO] [2017-02-27 14:07:01][org.springframework.web.servlet.mvc.annotation.DefaultAnnotationHandlerMapping]Mapped URL path [/login.jsp] onto handler 'homeController'
[INFO] [2017-02-27 14:07:01][org.springframework.web.servlet.DispatcherServlet]FrameworkServlet 'SpringMVC': initialization completed in 316 ms
[WARN] [2017-02-27 14:07:46][org.springframework.web.servlet.PageNotFound]No mapping found for HTTP request with URI [/] in DispatcherServlet with name 'SpringMVC'
[WARN] [2017-02-27 14:07:49][org.springframework.web.servlet.PageNotFound]No mapping found for HTTP request with URI [/] in DispatcherServlet with name 'SpringMVC'
[WARN] [2017-02-27 14:08:02][org.springframework.web.servlet.PageNotFound]No mapping found for HTTP request with URI [/] in DispatcherServlet with name 'SpringMVC'
[INFO] [2017-02-27 14:08:07][org.springframework.web.context.ContextLoader]Root WebApplicationContext: initialization started
[INFO] [2017-02-27 14:08:07][org.springframework.web.context.support.XmlWebApplicationContext]Refreshing Root WebApplicationContext: startup date [Mon Feb 27 14:08:07 CST 2017]; root of context hierarchy
[INFO] [2017-02-27 14:08:07][org.springframework.beans.factory.xml.XmlBeanDefinitionReader]Loading XML bean definitions from class path resource [applicationContext.xml]
[INFO] [2017-02-27 14:08:08][org.springframework.beans.factory.config.PropertyPlaceholderConfigurer]Loading properties file from class path resource [jdbc.properties]
[INFO] [2017-02-27 14:08:08][org.springframework.beans.factory.annotation.AutowiredAnnotationBeanPostProcessor]JSR-330 'javax.inject.Inject' annotation found and supported for autowiring
[INFO] [2017-02-27 14:08:08][org.springframework.web.context.ContextLoader]Root WebApplicationContext: initialization completed in 573 ms
[INFO] [2017-02-27 14:08:08][org.springframework.web.servlet.DispatcherServlet]FrameworkServlet 'SpringMVC': initialization started
[INFO] [2017-02-27 14:08:08][org.springframework.web.context.support.XmlWebApplicationContext]Refreshing WebApplicationContext for namespace 'SpringMVC-servlet': startup date [Mon Feb 27 14:08:08 CST 2017]; parent: Root WebApplicationContext
[INFO] [2017-02-27 14:08:08][org.springframework.beans.factory.xml.XmlBeanDefinitionReader]Loading XML bean definitions from class path resource [spring-mvc.xml]
[INFO] [2017-02-27 14:08:08][org.springframework.beans.factory.annotation.AutowiredAnnotationBeanPostProcessor]JSR-330 'javax.inject.Inject' annotation found and supported for autowiring
[INFO] [2017-02-27 14:08:08][org.springframework.web.servlet.mvc.annotation.DefaultAnnotationHandlerMapping]Root mapping to handler 'homeController'
[INFO] [2017-02-27 14:08:08][org.springframework.web.servlet.mvc.annotation.DefaultAnnotationHandlerMapping]Mapped URL path [/login.jsp] onto handler 'homeController'
[INFO] [2017-02-27 14:08:08][org.springframework.web.servlet.DispatcherServlet]FrameworkServlet 'SpringMVC': initialization completed in 294 ms
[INFO] [2017-02-27 14:08:38][org.springframework.web.context.ContextLoader]Root WebApplicationContext: initialization started
[INFO] [2017-02-27 14:08:38][org.springframework.web.context.support.XmlWebApplicationContext]Refreshing Root WebApplicationContext: startup date [Mon Feb 27 14:08:38 CST 2017]; root of context hierarchy
[INFO] [2017-02-27 14:08:38][org.springframework.beans.factory.xml.XmlBeanDefinitionReader]Loading XML bean definitions from class path resource [applicationContext.xml]
[INFO] [2017-02-27 14:08:39][org.springframework.beans.factory.config.PropertyPlaceholderConfigurer]Loading properties file from class path resource [jdbc.properties]
[INFO] [2017-02-27 14:08:39][org.springframework.beans.factory.annotation.AutowiredAnnotationBeanPostProcessor]JSR-330 'javax.inject.Inject' annotation found and supported for autowiring
[INFO] [2017-02-27 14:08:39][org.springframework.web.context.ContextLoader]Root WebApplicationContext: initialization completed in 656 ms
[INFO] [2017-02-27 14:08:39][org.springframework.web.servlet.DispatcherServlet]FrameworkServlet 'SpringMVC': initialization started
[INFO] [2017-02-27 14:08:39][org.springframework.web.context.support.XmlWebApplicationContext]Refreshing WebApplicationContext for namespace 'SpringMVC-servlet': startup date [Mon Feb 27 14:08:39 CST 2017]; parent: Root WebApplicationContext
[INFO] [2017-02-27 14:08:39][org.springframework.beans.factory.xml.XmlBeanDefinitionReader]Loading XML bean definitions from class path resource [spring-mvc.xml]
[INFO] [2017-02-27 14:08:39][org.springframework.beans.factory.annotation.AutowiredAnnotationBeanPostProcessor]JSR-330 'javax.inject.Inject' annotation found and supported for autowiring
[INFO] [2017-02-27 14:08:39][org.springframework.web.servlet.mvc.annotation.DefaultAnnotationHandlerMapping]Mapped URL path [/index.jsp] onto handler 'homeController'
[INFO] [2017-02-27 14:08:39][org.springframework.web.servlet.mvc.annotation.DefaultAnnotationHandlerMapping]Mapped URL path [/login.jsp] onto handler 'homeController'
[INFO] [2017-02-27 14:08:40][org.springframework.web.servlet.DispatcherServlet]FrameworkServlet 'SpringMVC': initialization completed in 470 ms
[WARN] [2017-02-27 14:08:44][org.springframework.web.servlet.PageNotFound]No mapping found for HTTP request with URI [/] in DispatcherServlet with name 'SpringMVC'
[INFO] [2017-02-27 14:09:06][org.springframework.web.context.ContextLoader]Root WebApplicationContext: initialization started
[INFO] [2017-02-27 14:09:06][org.springframework.web.context.support.XmlWebApplicationContext]Refreshing Root WebApplicationContext: startup date [Mon Feb 27 14:09:06 CST 2017]; root of context hierarchy
[INFO] [2017-02-27 14:09:06][org.springframework.beans.factory.xml.XmlBeanDefinitionReader]Loading XML bean definitions from class path resource [applicationContext.xml]
[INFO] [2017-02-27 14:09:06][org.springframework.beans.factory.config.PropertyPlaceholderConfigurer]Loading properties file from class path resource [jdbc.properties]
[INFO] [2017-02-27 14:09:06][org.springframework.beans.factory.annotation.AutowiredAnnotationBeanPostProcessor]JSR-330 'javax.inject.Inject' annotation found and supported for autowiring
[INFO] [2017-02-27 14:09:06][org.springframework.web.context.ContextLoader]Root WebApplicationContext: initialization completed in 598 ms
[INFO] [2017-02-27 14:09:06][org.springframework.web.servlet.DispatcherServlet]FrameworkServlet 'SpringMVC': initialization started
[INFO] [2017-02-27 14:09:06][org.springframework.web.context.support.XmlWebApplicationContext]Refreshing WebApplicationContext for namespace 'SpringMVC-servlet': startup date [Mon Feb 27 14:09:06 CST 2017]; parent: Root WebApplicationContext
[INFO] [2017-02-27 14:09:06][org.springframework.beans.factory.xml.XmlBeanDefinitionReader]Loading XML bean definitions from class path resource [spring-mvc.xml]
[INFO] [2017-02-27 14:09:06][org.springframework.beans.factory.annotation.AutowiredAnnotationBeanPostProcessor]JSR-330 'javax.inject.Inject' annotation found and supported for autowiring
[INFO] [2017-02-27 14:09:06][org.springframework.web.servlet.mvc.annotation.DefaultAnnotationHandlerMapping]Mapped URL path [/login.jsp] onto handler 'homeController'
[INFO] [2017-02-27 14:09:06][org.springframework.web.servlet.mvc.annotation.DefaultAnnotationHandlerMapping]Mapped URL path [/index.jsp] onto handler 'homeController'
[INFO] [2017-02-27 14:09:07][org.springframework.web.servlet.DispatcherServlet]FrameworkServlet 'SpringMVC': initialization completed in 308 ms
[INFO] [2017-02-27 14:09:38][org.springframework.web.context.ContextLoader]Root WebApplicationContext: initialization started
[INFO] [2017-02-27 14:09:38][org.springframework.web.context.support.XmlWebApplicationContext]Refreshing Root WebApplicationContext: startup date [Mon Feb 27 14:09:38 CST 2017]; root of context hierarchy
[INFO] [2017-02-27 14:09:38][org.springframework.beans.factory.xml.XmlBeanDefinitionReader]Loading XML bean definitions from class path resource [applicationContext.xml]
[INFO] [2017-02-27 14:09:38][org.springframework.beans.factory.config.PropertyPlaceholderConfigurer]Loading properties file from class path resource [jdbc.properties]
[INFO] [2017-02-27 14:09:38][org.springframework.beans.factory.annotation.AutowiredAnnotationBeanPostProcessor]JSR-330 'javax.inject.Inject' annotation found and supported for autowiring
[INFO] [2017-02-27 14:09:39][org.springframework.web.context.ContextLoader]Root WebApplicationContext: initialization completed in 637 ms
[INFO] [2017-02-27 14:09:39][org.springframework.web.servlet.DispatcherServlet]FrameworkServlet 'SpringMVC': initialization started
[INFO] [2017-02-27 14:09:39][org.springframework.web.context.support.XmlWebApplicationContext]Refreshing WebApplicationContext for namespace 'SpringMVC-servlet': startup date [Mon Feb 27 14:09:39 CST 2017]; parent: Root WebApplicationContext
[INFO] [2017-02-27 14:09:39][org.springframework.beans.factory.xml.XmlBeanDefinitionReader]Loading XML bean definitions from class path resource [spring-mvc.xml]
[INFO] [2017-02-27 14:09:39][org.springframework.beans.factory.annotation.AutowiredAnnotationBeanPostProcessor]JSR-330 'javax.inject.Inject' annotation found and supported for autowiring
[INFO] [2017-02-27 14:09:39][org.springframework.web.servlet.mvc.annotation.DefaultAnnotationHandlerMapping]Mapped URL path [/login.jsp] onto handler 'homeController'
[INFO] [2017-02-27 14:09:39][org.springframework.web.servlet.mvc.annotation.DefaultAnnotationHandlerMapping]Mapped URL path [/index.jsp] onto handler 'homeController'
[INFO] [2017-02-27 14:09:39][org.springframework.web.servlet.DispatcherServlet]FrameworkServlet 'SpringMVC': initialization completed in 335 ms
[INFO] [2017-02-27 16:53:54][org.springframework.web.context.ContextLoader]Root WebApplicationContext: initialization started
[INFO] [2017-02-27 16:53:54][org.springframework.web.context.support.XmlWebApplicationContext]Refreshing Root WebApplicationContext: startup date [Mon Feb 27 16:53:54 CST 2017]; root of context hierarchy
[INFO] [2017-02-27 16:53:54][org.springframework.beans.factory.xml.XmlBeanDefinitionReader]Loading XML bean definitions from class path resource [applicationContext.xml]
[INFO] [2017-02-27 16:53:54][org.springframework.beans.factory.config.PropertyPlaceholderConfigurer]Loading properties file from class path resource [jdbc.properties]
[INFO] [2017-02-27 16:53:54][org.springframework.beans.factory.annotation.AutowiredAnnotationBeanPostProcessor]JSR-330 'javax.inject.Inject' annotation found and supported for autowiring
[INFO] [2017-02-27 16:53:55][org.springframework.web.context.ContextLoader]Root WebApplicationContext: initialization completed in 646 ms
[INFO] [2017-02-27 16:53:55][org.springframework.web.servlet.DispatcherServlet]FrameworkServlet 'SpringMVC': initialization started
[INFO] [2017-02-27 16:53:55][org.springframework.web.context.support.XmlWebApplicationContext]Refreshing WebApplicationContext for namespace 'SpringMVC-servlet': startup date [Mon Feb 27 16:53:55 CST 2017]; parent: Root WebApplicationContext
[INFO] [2017-02-27 16:53:55][org.springframework.beans.factory.xml.XmlBeanDefinitionReader]Loading XML bean definitions from class path resource [spring-mvc.xml]
[INFO] [2017-02-27 16:53:55][org.springframework.beans.factory.annotation.AutowiredAnnotationBeanPostProcessor]JSR-330 'javax.inject.Inject' annotation found and supported for autowiring
[INFO] [2017-02-27 16:53:55][org.springframework.web.servlet.mvc.method.annotation.RequestMappingHandlerMapping]Mapped "{[/]}" onto public java.lang.String org.school.manager.controller.HomeController.Index()
[INFO] [2017-02-27 16:53:55][org.springframework.web.servlet.mvc.method.annotation.RequestMappingHandlerMapping]Mapped "{[/login.do]}" onto public java.lang.String org.school.manager.controller.HomeController.Login()
[INFO] [2017-02-27 16:53:55][org.springframework.web.servlet.mvc.method.annotation.RequestMappingHandlerAdapter]Looking for @ControllerAdvice: WebApplicationContext for namespace 'SpringMVC-servlet': startup date [Mon Feb 27 16:53:55 CST 2017]; parent: Root WebApplicationContext
[INFO] [2017-02-27 16:53:55][org.springframework.web.servlet.mvc.method.annotation.RequestMappingHandlerAdapter]Looking for @ControllerAdvice: WebApplicationContext for namespace 'SpringMVC-servlet': startup date [Mon Feb 27 16:53:55 CST 2017]; parent: Root WebApplicationContext
[INFO] [2017-02-27 16:53:55][org.springframework.web.servlet.handler.SimpleUrlHandlerMapping]Mapped URL path [/static/**] onto handler 'org.springframework.web.servlet.resource.ResourceHttpRequestHandler#0'
[INFO] [2017-02-27 16:53:55][org.springframework.web.servlet.handler.SimpleUrlHandlerMapping]Mapped URL path [/**] onto handler 'org.springframework.web.servlet.resource.DefaultServletHttpRequestHandler#0'
[INFO] [2017-02-27 16:53:55][org.springframework.web.servlet.DispatcherServlet]FrameworkServlet 'SpringMVC': initialization completed in 692 ms
[INFO] [2017-02-28 17:05:13][org.springframework.web.context.ContextLoader]Root WebApplicationContext: initialization started
[INFO] [2017-02-28 17:05:13][org.springframework.web.context.support.XmlWebApplicationContext]Refreshing Root WebApplicationContext: startup date [Tue Feb 28 17:05:13 CST 2017]; root of context hierarchy
[INFO] [2017-02-28 17:05:13][org.springframework.beans.factory.xml.XmlBeanDefinitionReader]Loading XML bean definitions from class path resource [applicationContext.xml]
[INFO] [2017-02-28 17:05:14][org.springframework.beans.factory.config.PropertyPlaceholderConfigurer]Loading properties file from class path resource [jdbc.properties]
[INFO] [2017-02-28 17:05:14][org.springframework.beans.factory.annotation.AutowiredAnnotationBeanPostProcessor]JSR-330 'javax.inject.Inject' annotation found and supported for autowiring
[INFO] [2017-02-28 17:05:14][org.springframework.web.context.ContextLoader]Root WebApplicationContext: initialization completed in 799 ms
[INFO] [2017-02-28 17:05:14][org.springframework.web.servlet.DispatcherServlet]FrameworkServlet 'SpringMVC': initialization started
[INFO] [2017-02-28 17:05:14][org.springframework.web.context.support.XmlWebApplicationContext]Refreshing WebApplicationContext for namespace 'SpringMVC-servlet': startup date [Tue Feb 28 17:05:14 CST 2017]; parent: Root WebApplicationContext
[INFO] [2017-02-28 17:05:14][org.springframework.beans.factory.xml.XmlBeanDefinitionReader]Loading XML bean definitions from class path resource [spring-mvc.xml]
[INFO] [2017-02-28 17:05:14][org.springframework.beans.factory.annotation.AutowiredAnnotationBeanPostProcessor]JSR-330 'javax.inject.Inject' annotation found and supported for autowiring
[INFO] [2017-02-28 17:05:15][org.springframework.web.servlet.mvc.method.annotation.RequestMappingHandlerMapping]Mapped "{[/login.do]}" onto public java.lang.String org.school.manager.controller.HomeController.Login()
[INFO] [2017-02-28 17:05:15][org.springframework.web.servlet.mvc.method.annotation.RequestMappingHandlerMapping]Mapped "{[/]}" onto public java.lang.String org.school.manager.controller.HomeController.Index()
[INFO] [2017-02-28 17:05:15][org.springframework.web.servlet.mvc.method.annotation.RequestMappingHandlerAdapter]Looking for @ControllerAdvice: WebApplicationContext for namespace 'SpringMVC-servlet': startup date [Tue Feb 28 17:05:14 CST 2017]; parent: Root WebApplicationContext
[INFO] [2017-02-28 17:05:15][org.springframework.web.servlet.mvc.method.annotation.RequestMappingHandlerAdapter]Looking for @ControllerAdvice: WebApplicationContext for namespace 'SpringMVC-servlet': startup date [Tue Feb 28 17:05:14 CST 2017]; parent: Root WebApplicationContext
[INFO] [2017-02-28 17:05:15][org.springframework.web.servlet.handler.SimpleUrlHandlerMapping]Mapped URL path [/static/**] onto handler 'org.springframework.web.servlet.resource.ResourceHttpRequestHandler#0'
[INFO] [2017-02-28 17:05:15][org.springframework.web.servlet.handler.SimpleUrlHandlerMapping]Mapped URL path [/**] onto handler 'org.springframework.web.servlet.resource.DefaultServletHttpRequestHandler#0'
[INFO] [2017-02-28 17:05:15][org.springframework.web.servlet.DispatcherServlet]FrameworkServlet 'SpringMVC': initialization completed in 716 ms
[INFO] [2017-02-28 23:11:54][org.springframework.web.context.ContextLoader]Root WebApplicationContext: initialization started
[INFO] [2017-02-28 23:11:54][org.springframework.web.context.support.XmlWebApplicationContext]Refreshing Root WebApplicationContext: startup date [Tue Feb 28 23:11:54 CST 2017]; root of context hierarchy
[INFO] [2017-02-28 23:11:54][org.springframework.beans.factory.xml.XmlBeanDefinitionReader]Loading XML bean definitions from class path resource [applicationContext.xml]
[INFO] [2017-02-28 23:11:54][org.springframework.beans.factory.config.PropertyPlaceholderConfigurer]Loading properties file from class path resource [jdbc.properties]
[INFO] [2017-02-28 23:11:54][org.springframework.beans.factory.annotation.AutowiredAnnotationBeanPostProcessor]JSR-330 'javax.inject.Inject' annotation found and supported for autowiring
[INFO] [2017-02-28 23:11:54][org.springframework.web.context.ContextLoader]Root WebApplicationContext: initialization completed in 708 ms
[INFO] [2017-02-28 23:11:54][org.springframework.web.servlet.DispatcherServlet]FrameworkServlet 'SpringMVC': initialization started
[INFO] [2017-02-28 23:11:54][org.springframework.web.context.support.XmlWebApplicationContext]Refreshing WebApplicationContext for namespace 'SpringMVC-servlet': startup date [Tue Feb 28 23:11:54 CST 2017]; parent: Root WebApplicationContext
[INFO] [2017-02-28 23:11:54][org.springframework.beans.factory.xml.XmlBeanDefinitionReader]Loading XML bean definitions from class path resource [spring-mvc.xml]
[INFO] [2017-02-28 23:11:54][org.springframework.beans.factory.annotation.AutowiredAnnotationBeanPostProcessor]JSR-330 'javax.inject.Inject' annotation found and supported for autowiring
[INFO] [2017-02-28 23:11:55][org.springframework.web.servlet.mvc.method.annotation.RequestMappingHandlerMapping]Mapped "{[/]}" onto public java.lang.String org.school.manager.controller.HomeController.Index()
[INFO] [2017-02-28 23:11:55][org.springframework.web.servlet.mvc.method.annotation.RequestMappingHandlerMapping]Mapped "{[/login.do]}" onto public java.lang.String org.school.manager.controller.HomeController.Login()
[INFO] [2017-02-28 23:11:55][org.springframework.web.servlet.mvc.method.annotation.RequestMappingHandlerMapping]Mapped "{[/student.do]}" onto public java.lang.String org.school.manager.controller.StudentInformationManagerController.Student()
[INFO] [2017-02-28 23:11:55][org.springframework.web.servlet.mvc.method.annotation.RequestMappingHandlerAdapter]Looking for @ControllerAdvice: WebApplicationContext for namespace 'SpringMVC-servlet': startup date [Tue Feb 28 23:11:54 CST 2017]; parent: Root WebApplicationContext
[INFO] [2017-02-28 23:11:55][org.springframework.web.servlet.mvc.method.annotation.RequestMappingHandlerAdapter]Looking for @ControllerAdvice: WebApplicationContext for namespace 'SpringMVC-servlet': startup date [Tue Feb 28 23:11:54 CST 2017]; parent: Root WebApplicationContext
[INFO] [2017-02-28 23:11:55][org.springframework.web.servlet.handler.SimpleUrlHandlerMapping]Mapped URL path [/static/**] onto handler 'org.springframework.web.servlet.resource.ResourceHttpRequestHandler#0'
[INFO] [2017-02-28 23:11:55][org.springframework.web.servlet.handler.SimpleUrlHandlerMapping]Mapped URL path [/**] onto handler 'org.springframework.web.servlet.resource.DefaultServletHttpRequestHandler#0'
[INFO] [2017-02-28 23:11:55][org.springframework.web.servlet.DispatcherServlet]FrameworkServlet 'SpringMVC': initialization completed in 667 ms
